[handleMsg]:  {
  key: {
    remoteJid: '5214431662335@s.whatsapp.net',
    fromMe: false,
    id: '8EA81919665BB0E43984D7CF2CC7041D',
    participant: undefined
  },
  messageTimestamp: 1720045667,
  pushName: '.',
  broadcast: false,
  message: Message {
    conversation: 'Hola buenas tardes',
    messageContextInfo: MessageContextInfo {
      deviceListMetadata: [DeviceListMetadata],
      deviceListMetadataVersion: 2
    }
  },
  body: 'Hola buenas tardes',
  from: '5214431662335'
}
[QUEUE_SE_ENVIO]:  {
  ref: 'ans_bdfdee8f-6f7f-45da-9c17-a0c71220e575',
  keyword: 'key_a2cbd73f-cdfc-44cf-acc5-f5571388c542',
  answer: '👋🏼 Hola! Bienvenido a *Babylon*',
  options: {
    media: null,
    buttons: [],
    capture: false,
    child: null,
    delay: 0,
    idle: null,
    ref: null,
    nested: [],
    keyword: {},
    callback: false
  },
  refSerialize: '4a93bcc81aab818177a2b68e0cd4b529'
}
[QUEUE_SE_ENVIO]:  {
  ref: 'ans_11a241a6-7784-4a82-a2e4-f1d1aadf4218',
  keyword: 'ans_bdfdee8f-6f7f-45da-9c17-a0c71220e575',
  answer: 'Para hacer una reservación, escribe la palabra 👉🏼 *Reservar*',
  options: {
    media: null,
    buttons: [],
    capture: false,
    child: null,
    delay: 0,
    idle: null,
    ref: null,
    nested: [],
    keyword: {},
    callback: false
  },
  refSerialize: 'f3251d03d7f66219662808f555d96564'
}
[QUEUE_SE_ENVIO]:  {
  ref: 'ans_febbc665-ef25-45dd-9325-cf30d29ce59e',
  keyword: 'ans_11a241a6-7784-4a82-a2e4-f1d1aadf4218',
  answer: 'O en su defecto 👇🏼 presiona en cualquiera de los botónes según lo necesites.',
  options: {
    media: null,
    buttons: [ [Object], [Object] ],
    capture: true,
    child: null,
    delay: 0,
    idle: null,
    ref: null,
    nested: [
      [Object], [Object],
      [Object], [Object],
      [Object], [Object],
      [Object], [Object],
      [Object], [Object],
      [Object], [Object],
      [Object], [Object],
      [Object]
    ],
    keyword: {},
    callback: false
  },
  refSerialize: 'e80799221e156fa53ffab05d82a64ed4'
}
[handleMsg]:  {
  key: {
    remoteJid: '5214431662335@s.whatsapp.net',
    fromMe: false,
    id: '572DD81580A62F41D187193C93F34C65',
    participant: undefined
  },
  messageTimestamp: 1720045674,
  pushName: '.',
  broadcast: false,
  message: Message {
    conversation: 'Reservar',
    messageContextInfo: MessageContextInfo {
      deviceListMetadata: [DeviceListMetadata],
      deviceListMetadataVersion: 2
    }
  },
  body: 'Reservar',
  from: '5214431662335'
}
[QUEUE_SE_ENVIO]:  {
  ref: 'ans_7aa852d3-3a77-48e1-883d-b591379105ae',
  keyword: 'key_2b2927dc-0853-4891-9801-29416f5528dc',
  answer: '¡Excelente!\n' +
    'Para reservar necesitamos unos datos...\n' +
    '¿A *Nombre* de quién es la reservación?\n' +
    ' (Nombre y Apellido)',
  options: {
    media: null,
    buttons: [],
    capture: false,
    child: null,
    delay: 0,
    idle: null,
    ref: null,
    nested: [],
    keyword: {},
    callback: false
  },
  refSerialize: '0f391498cf87eb0af2de27258605458a'
}
[QUEUE_SE_ENVIO]:  {
  ref: 'ans_a4fc2b80-9aac-4d37-957a-24b32189b181',
  keyword: 'ans_7aa852d3-3a77-48e1-883d-b591379105ae',
  answer: '👇🏼',
  options: {
    media: null,
    buttons: [ [Object] ],
    capture: true,
    child: null,
    delay: 0,
    idle: null,
    ref: null,
    nested: [],
    keyword: {},
    callback: true
  },
  refSerialize: '2d0e380f03802b4c7bff7c2705290008'
}
[handleMsg]:  {
  key: {
    remoteJid: '5214431662335@s.whatsapp.net',
    fromMe: false,
    id: '5A82E50788A2CBD396BF038CAA431856',
    participant: undefined
  },
  messageTimestamp: 1720045684,
  pushName: '.',
  broadcast: false,
  message: Message {
    conversation: 'Juan de Dios Ramírez Perales',
    messageContextInfo: MessageContextInfo {
      deviceListMetadata: [DeviceListMetadata],
      deviceListMetadataVersion: 2
    }
  },
  body: 'Juan de Dios Ramírez Perales',
  from: '5214431662335'
}
[QUEUE_SE_ENVIO]:  {
  ref: 'ans_c5c7c20b-376e-412e-8f1a-2d24dc530573',
  keyword: 'ans_a4fc2b80-9aac-4d37-957a-24b32189b181',
  answer: '👇🏼',
  options: {
    media: null,
    buttons: [ [Object] ],
    capture: true,
    child: null,
    delay: 0,
    idle: null,
    ref: null,
    nested: [],
    keyword: {},
    callback: true
  },
  refSerialize: 'eb957bce0bb8f1e164c2f4f35f80c9aa'
}
[handleMsg]:  {
  key: {
    remoteJid: '5214431662335@s.whatsapp.net',
    fromMe: false,
    id: '15734B9172A4CE497F6CFC263B00EACC',
    participant: undefined
  },
  messageTimestamp: 1720045694,
  pushName: '.',
  broadcast: false,
  message: Message {
    conversation: '17/07/2024',
    messageContextInfo: MessageContextInfo {
      deviceListMetadata: [DeviceListMetadata],
      deviceListMetadataVersion: 2
    }
  },
  body: '17/07/2024',
  from: '5214431662335'
}
[QUEUE_SE_ENVIO]:  {
  ref: 'ans_7ccd8b18-38fa-4d74-ad58-ac0544a324a9',
  keyword: 'ans_c5c7c20b-376e-412e-8f1a-2d24dc530573',
  answer: '👇🏼',
  options: {
    media: null,
    buttons: [ [Object] ],
    capture: true,
    child: null,
    delay: 0,
    idle: null,
    ref: null,
    nested: [],
    keyword: {},
    callback: true
  },
  refSerialize: '7f63861c40d3096cb78a9c1f6eedd396'
}
[handleMsg]:  {
  key: {
    remoteJid: '5214431662335@s.whatsapp.net',
    fromMe: false,
    id: 'CC58195E21E16A912FDC0EBB38665E54',
    participant: undefined
  },
  messageTimestamp: 1720045698,
  pushName: '.',
  broadcast: false,
  message: Message {
    conversation: '4',
    messageContextInfo: MessageContextInfo {
      deviceListMetadata: [DeviceListMetadata],
      deviceListMetadataVersion: 2
    }
  },
  body: '4',
  from: '5214431662335'
}
[QUEUE_SE_ENVIO]:  {
  ref: 'ans_f399102b-b4f3-4d7f-81f0-2af1bdf3096d',
  keyword: 'ans_7ccd8b18-38fa-4d74-ad58-ac0544a324a9',
  answer: '👇🏼',
  options: {
    media: null,
    buttons: [ [Object] ],
    capture: true,
    child: null,
    delay: 0,
    idle: null,
    ref: null,
    nested: [],
    keyword: {},
    callback: true
  },
  refSerialize: 'baa78c1caab506a37b37cc315352c151'
}
[handleMsg]:  {
  key: {
    remoteJid: '5214431662335@s.whatsapp.net',
    fromMe: false,
    id: '3E8AD65FA19DB9EC568BD63A78AF1B97',
    participant: undefined
  },
  messageTimestamp: 1720045713,
  pushName: '.',
  broadcast: false,
  message: Message {
    conversation: '19:00',
    messageContextInfo: MessageContextInfo {
      deviceListMetadata: [DeviceListMetadata],
      deviceListMetadataVersion: 2
    }
  },
  body: '19:00',
  from: '5214431662335'
}
[QUEUE_SE_ENVIO]:  {
  ref: 'ans_146a7394-0c25-4cf4-b53d-2e3f11e3354f',
  keyword: 'ans_f399102b-b4f3-4d7f-81f0-2af1bdf3096d',
  answer: '👇🏼',
  options: {
    media: null,
    buttons: [ [Object] ],
    capture: true,
    child: null,
    delay: 0,
    idle: null,
    ref: null,
    nested: [],
    keyword: {},
    callback: true
  },
  refSerialize: 'c671e7a69fcf72bc377fc7fc378ccc77'
}
[handleMsg]:  {
  key: {
    remoteJid: '5214431662335@s.whatsapp.net',
    fromMe: false,
    id: '1A76E90A73C16C02B77C2FDB13EF8A38',
    participant: undefined
  },
  messageTimestamp: 1720045721,
  pushName: '.',
  broadcast: false,
  message: Message {
    conversation: '4432567074',
    messageContextInfo: MessageContextInfo {
      deviceListMetadata: [DeviceListMetadata],
      deviceListMetadataVersion: 2
    }
  },
  body: '4432567074',
  from: '5214431662335'
}
[QUEUE_SE_ENVIO]:  {
  ref: 'ans_11589287-bced-48fb-af62-24e07cc8b28f',
  keyword: 'ans_146a7394-0c25-4cf4-b53d-2e3f11e3354f',
  answer: '👇🏼',
  options: {
    media: null,
    buttons: [ [Object] ],
    capture: true,
    child: null,
    delay: 0,
    idle: null,
    ref: null,
    nested: [],
    keyword: {},
    callback: true
  },
  refSerialize: '22f42b46ba147781db41b6dc98315d1e'
}
[handleMsg]:  {
  key: {
    remoteJid: '5214431662335@s.whatsapp.net',
    fromMe: false,
    id: 'D0A3B320F926D5D8F66A667B33FE6D93',
    participant: undefined
  },
  messageTimestamp: 1720045730,
  pushName: '.',
  broadcast: false,
  message: Message {
    conversation: 'Aniversario de bodas',
    messageContextInfo: MessageContextInfo {
      deviceListMetadata: [DeviceListMetadata],
      deviceListMetadataVersion: 2
    }
  },
  body: 'Aniversario de bodas',
  from: '5214431662335'
}
[QUEUE_SE_ENVIO]:  {
  ref: 'ans_173efb3e-8bd2-4ad4-a322-34389b7095c0',
  keyword: 'ans_11589287-bced-48fb-af62-24e07cc8b28f',
  answer: 'Para volver al menú principal escribe *Inicio* o simplemente escribe *gracias* para salir!',
  options: {
    media: null,
    buttons: [],
    capture: false,
    child: null,
    delay: 0,
    idle: null,
    ref: null,
    nested: [],
    keyword: {},
    callback: false
  },
  refSerialize: '33a91371b2256f8f107e6cffff4c14f5'
}
[QUEUE_SE_ENVIO]:  {
  ref: 'ans_4ee97cfa-0f00-4a26-80f5-2b14aba77ad0',
  keyword: 'ans_173efb3e-8bd2-4ad4-a322-34389b7095c0',
  answer: 'O presiona el botón de abajo 👇🏼 para volver al menú principal',
  options: {
    media: null,
    buttons: [ [Object] ],
    capture: true,
    child: null,
    delay: 0,
    idle: null,
    ref: null,
    nested: [],
    keyword: {},
    callback: false
  },
  refSerialize: '812ae898bd2b3f389b183201f15e3000'
}
