5214431662335:ENCOLADO ans_bdfdee8f-6f7f-45da-9c17-a0c71220e575
EJECUTANDO:ans_bdfdee8f-6f7f-45da-9c17-a0c71220e575
5214431662335:SUCCESS
5214431662335:ENCOLADO ans_11a241a6-7784-4a82-a2e4-f1d1aadf4218
EJECUTANDO:ans_11a241a6-7784-4a82-a2e4-f1d1aadf4218
5214431662335:SUCCESS
5214431662335:ENCOLADO ans_febbc665-ef25-45dd-9325-cf30d29ce59e
EJECUTANDO:ans_febbc665-ef25-45dd-9325-cf30d29ce59e
5214431662335:SUCCESS
5214431662335:ENCOLADO ans_7aa852d3-3a77-48e1-883d-b591379105ae
EJECUTANDO:ans_7aa852d3-3a77-48e1-883d-b591379105ae
5214431662335:SUCCESS
5214431662335:ENCOLADO ans_a4fc2b80-9aac-4d37-957a-24b32189b181
EJECUTANDO:ans_a4fc2b80-9aac-4d37-957a-24b32189b181
5214431662335:SUCCESS
5214431662335:ENCOLADO ans_c5c7c20b-376e-412e-8f1a-2d24dc530573
EJECUTANDO:ans_c5c7c20b-376e-412e-8f1a-2d24dc530573
5214431662335:SUCCESS
5214431662335:ENCOLADO ans_7ccd8b18-38fa-4d74-ad58-ac0544a324a9
EJECUTANDO:ans_7ccd8b18-38fa-4d74-ad58-ac0544a324a9
5214431662335:SUCCESS
5214431662335:ENCOLADO ans_f399102b-b4f3-4d7f-81f0-2af1bdf3096d
EJECUTANDO:ans_f399102b-b4f3-4d7f-81f0-2af1bdf3096d
5214431662335:SUCCESS
5214431662335:ENCOLADO ans_146a7394-0c25-4cf4-b53d-2e3f11e3354f
EJECUTANDO:ans_146a7394-0c25-4cf4-b53d-2e3f11e3354f
5214431662335:SUCCESS
5214431662335:ENCOLADO ans_11589287-bced-48fb-af62-24e07cc8b28f
EJECUTANDO:ans_11589287-bced-48fb-af62-24e07cc8b28f
5214431662335:SUCCESS
5214431662335:ENCOLADO ans_173efb3e-8bd2-4ad4-a322-34389b7095c0
EJECUTANDO:ans_173efb3e-8bd2-4ad4-a322-34389b7095c0
5214431662335:SUCCESS
5214431662335:ENCOLADO ans_4ee97cfa-0f00-4a26-80f5-2b14aba77ad0
EJECUTANDO:ans_4ee97cfa-0f00-4a26-80f5-2b14aba77ad0
5214431662335:SUCCESS
